<?xml version="1.0" encoding="UTF-8"?>
<!-- Generated by org.testng.reporters.JUnitReportReporter -->
<testsuite skipped="0" hostname="STROM" name="com.TestNg.TestCase1" tests="1" failures="0" timestamp="22 May 2021 15:16:26 GMT" time="0.017" errors="0">
  <testcase name="test1" time="0.017" classname="com.TestNg.TestCase1"/>
</testsuite> <!-- com.TestNg.TestCase1 -->
