<?xml version="1.0" encoding="UTF-8"?>
<!-- Generated by org.testng.reporters.JUnitReportReporter -->
<testsuite skipped="0" hostname="STROM" name="Test.LoginTest" tests="1" failures="0" timestamp="29 May 2021 08:47:53 GMT" time="44.619" errors="0">
  <testcase name="login" time="44.619" classname="Test.LoginTest"/>
</testsuite> <!-- Test.LoginTest -->
