<?xml version="1.0" encoding="UTF-8"?>
<!-- Generated by org.testng.reporters.JUnitReportReporter -->
<testsuite skipped="0" hostname="STROM" name="testNg.TestCase2" tests="1" failures="0" timestamp="22 May 2021 16:32:54 GMT" time="0.018" errors="0">
  <testcase name="Test3" time="0.018" classname="testNg.TestCase2"/>
</testsuite> <!-- testNg.TestCase2 -->
