<?xml version="1.0" encoding="UTF-8"?>
<!-- Generated by org.testng.reporters.JUnitReportReporter -->
<testsuite skipped="0" hostname="STROM" name="com.TestNg.TestCase2" tests="1" failures="0" timestamp="22 May 2021 14:57:33 GMT" time="0.034" errors="0">
  <testcase name="Test3" time="0.034" classname="com.TestNg.TestCase2"/>
</testsuite> <!-- com.TestNg.TestCase2 -->
