<?xml version="1.0" encoding="UTF-8"?>
<!-- Generated by org.testng.reporters.JUnitReportReporter -->
<testsuite skipped="0" hostname="STROM" name="Test.DataProviderEx" tests="2" failures="0" timestamp="22 May 2021 17:11:07 GMT" time="0.117" errors="0">
  <testcase name="test" time="0.114" classname="Test.DataProviderEx"/>
  <testcase name="test" time="0.003" classname="Test.DataProviderEx"/>
</testsuite> <!-- Test.DataProviderEx -->
